<?xml version="1.0" encoding="UTF-8"?>
<testsuite name="com.example.ChulCheck.ChulCheckApplicationTests" tests="1" skipped="0" failures="0" errors="0" timestamp="2024-07-17T03:28:08" hostname="LAPTOP-CCEKNBGE" time="0.524">
  <properties/>
  <testcase name="contextLoads()" classname="com.example.ChulCheck.ChulCheckApplicationTests" time="0.524"/>
  <system-out><![CDATA[12:28:04.075 [Test worker] INFO org.springframework.test.context.support.AnnotationConfigContextLoaderUtils -- Could not detect default configuration classes for test class [com.example.ChulCheck.ChulCheckApplicationTests]: ChulCheckApplicationTests does not declare any static, non-private, non-final, nested classes annotated with @Configuration.
12:28:04.203 [Test worker] INFO org.springframework.boot.test.context.SpringBootTestContextBootstrapper -- Found @SpringBootConfiguration com.example.ChulCheck.ChulCheckApplication for test class com.example.ChulCheck.ChulCheckApplicationTests

  .   ____          _            __ _ _
 /\\ / ___'_ __ _ _(_)_ __  __ _ \ \ \ \
( ( )\___ | '_ | '_| | '_ \/ _` | \ \ \ \
 \\/  ___)| |_)| | | | | || (_| |  ) ) ) )
  '  |____| .__|_| |_|_| |_\__, | / / / /
 =========|_|==============|___/=/_/_/_/

 :: Spring Boot ::                (v3.3.1)

2024-07-17T12:28:04.645+09:00  INFO 17036 --- [ChulCheck] [    Test worker] c.e.ChulCheck.ChulCheckApplicationTests  : Starting ChulCheckApplicationTests using Java 22.0.1 with PID 17036 (started by DOCYOONY in C:\Users\DOCYOONY.LAPTOP-CCEKNBGE\ChulCheck\ChulCheck)
2024-07-17T12:28:04.646+09:00  INFO 17036 --- [ChulCheck] [    Test worker] c.e.ChulCheck.ChulCheckApplicationTests  : No active profile set, falling back to 1 default profile: "default"
2024-07-17T12:28:05.085+09:00  INFO 17036 --- [ChulCheck] [    Test worker] .s.d.r.c.RepositoryConfigurationDelegate : Bootstrapping Spring Data JPA repositories in DEFAULT mode.
2024-07-17T12:28:05.127+09:00  INFO 17036 --- [ChulCheck] [    Test worker] .s.d.r.c.RepositoryConfigurationDelegate : Finished Spring Data repository scanning in 35 ms. Found 1 JPA repository interface.
2024-07-17T12:28:05.762+09:00  INFO 17036 --- [ChulCheck] [    Test worker] o.hibernate.jpa.internal.util.LogHelper  : HHH000204: Processing PersistenceUnitInfo [name: default]
2024-07-17T12:28:05.851+09:00  INFO 17036 --- [ChulCheck] [    Test worker] org.hibernate.Version                    : HHH000412: Hibernate ORM core version 6.5.2.Final
2024-07-17T12:28:05.898+09:00  INFO 17036 --- [ChulCheck] [    Test worker] o.h.c.internal.RegionFactoryInitiator    : HHH000026: Second-level cache disabled
2024-07-17T12:28:06.212+09:00  INFO 17036 --- [ChulCheck] [    Test worker] o.s.o.j.p.SpringPersistenceUnitInfo      : No LoadTimeWeaver setup: ignoring JPA class transformer
2024-07-17T12:28:06.243+09:00  INFO 17036 --- [ChulCheck] [    Test worker] com.zaxxer.hikari.HikariDataSource       : HikariPool-1 - Starting...
2024-07-17T12:28:06.603+09:00  INFO 17036 --- [ChulCheck] [    Test worker] com.zaxxer.hikari.pool.HikariPool        : HikariPool-1 - Added connection com.mysql.cj.jdbc.ConnectionImpl@3722f39d
2024-07-17T12:28:06.605+09:00  INFO 17036 --- [ChulCheck] [    Test worker] com.zaxxer.hikari.HikariDataSource       : HikariPool-1 - Start completed.
2024-07-17T12:28:06.659+09:00  WARN 17036 --- [ChulCheck] [    Test worker] org.hibernate.orm.deprecation            : HHH90000025: MySQL8Dialect does not need to be specified explicitly using 'hibernate.dialect' (remove the property setting and it will be selected by default)
2024-07-17T12:28:06.660+09:00  WARN 17036 --- [ChulCheck] [    Test worker] org.hibernate.orm.deprecation            : HHH90000026: MySQL8Dialect has been deprecated; use org.hibernate.dialect.MySQLDialect instead
2024-07-17T12:28:07.297+09:00  INFO 17036 --- [ChulCheck] [    Test worker] o.h.m.i.EntityInstantiatorPojoStandard   : HHH000182: No default (no-argument) constructor for class: com.example.ChulCheck.Attendance (class must be instantiated by Interceptor)
2024-07-17T12:28:07.443+09:00  INFO 17036 --- [ChulCheck] [    Test worker] o.h.e.t.j.p.i.JtaPlatformInitiator       : HHH000489: No JTA platform available (set 'hibernate.transaction.jta.platform' to enable JTA platform integration)
2024-07-17T12:28:07.488+09:00  INFO 17036 --- [ChulCheck] [    Test worker] j.LocalContainerEntityManagerFactoryBean : Initialized JPA EntityManagerFactory for persistence unit 'default'
2024-07-17T12:28:07.914+09:00  WARN 17036 --- [ChulCheck] [    Test worker] JpaBaseConfiguration$JpaWebConfiguration : spring.jpa.open-in-view is enabled by default. Therefore, database queries may be performed during view rendering. Explicitly configure spring.jpa.open-in-view to disable this warning
2024-07-17T12:28:08.343+09:00  INFO 17036 --- [ChulCheck] [    Test worker] c.e.ChulCheck.ChulCheckApplicationTests  : Started ChulCheckApplicationTests in 3.96 seconds (process running for 5.084)
]]></system-out>
  <system-err><![CDATA[WARNING: A Java agent has been loaded dynamically (C:\Users\DOCYOONY.LAPTOP-CCEKNBGE\.gradle\caches\modules-2\files-2.1\net.bytebuddy\byte-buddy-agent\1.14.17\e3c251a39dc90badaf71c83427ba46840f219d8d\byte-buddy-agent-1.14.17.jar)
WARNING: If a serviceability tool is in use, please run with -XX:+EnableDynamicAgentLoading to hide this warning
WARNING: If a serviceability tool is not in use, please run with -Djdk.instrument.traceUsage for more information
WARNING: Dynamic loading of agents will be disallowed by default in a future release
]]></system-err>
</testsuite>
